<?xml version="1.0" encoding="UTF-8"?>
<testsuites name="jest tests" tests="5" failures="0" errors="0" time="1.028">
  <testsuite name="TrainerProfile Component" errors="0" failures="0" skipped="0" timestamp="2024-10-23T12:16:02" time="0.716" tests="5">
    <testcase classname="TrainerProfile Component displays trainer profile once loaded" name="TrainerProfile Component displays trainer profile once loaded" time="0.039" file="src/test/TrainerProfile.test.js">
    </testcase>
    <testcase classname="TrainerProfile Component allows editing the trainer profile" name="TrainerProfile Component allows editing the trainer profile" time="0.034" file="src/test/TrainerProfile.test.js">
    </testcase>
    <testcase classname="TrainerProfile Component cancels editing the trainer profile" name="TrainerProfile Component cancels editing the trainer profile" time="0.014" file="src/test/TrainerProfile.test.js">
    </testcase>
    <testcase classname="TrainerProfile Component calls deleteProfile when Delete button is clicked" name="TrainerProfile Component calls deleteProfile when Delete button is clicked" time="0.014" file="src/test/TrainerProfile.test.js">
    </testcase>
    <testcase classname="TrainerProfile Component enables the save button only if changes are made" name="TrainerProfile Component enables the save button only if changes are made" time="0.009" file="src/test/TrainerProfile.test.js">
    </testcase>
  </testsuite>
</testsuites>