<?xml version="1.0" encoding="UTF-8"?>
<testsuites name="jest tests" tests="14" failures="0" errors="0" time="3.764">
  <testsuite name="Registration" errors="0" failures="0" skipped="0" timestamp="2024-10-22T02:09:01" time="3.02" tests="14">
    <testcase classname="Registration Error messages for empty fields are displayed on submit" name="Registration Error messages for empty fields are displayed on submit" time="0.177">
    </testcase>
    <testcase classname="Registration Successfully submits valid details to db" name="Registration Successfully submits valid details to db" time="0.23">
    </testcase>
    <testcase classname="Ensures sign up form inputs meet minimum requirements Displays error for invalid email address" name="Ensures sign up form inputs meet minimum requirements Displays error for invalid email address" time="0.046">
    </testcase>
    <testcase classname="Ensures sign up form inputs meet minimum requirements Does not display error for valid email address" name="Ensures sign up form inputs meet minimum requirements Does not display error for valid email address" time="0.033">
    </testcase>
    <testcase classname="Ensures sign up form inputs meet minimum requirements Displays error if inputted dob makes user younger than 16" name="Ensures sign up form inputs meet minimum requirements Displays error if inputted dob makes user younger than 16" time="0.035">
    </testcase>
    <testcase classname="Ensures sign up form inputs meet minimum requirements Does not display error for valid dob" name="Ensures sign up form inputs meet minimum requirements Does not display error for valid dob" time="0.043">
    </testcase>
    <testcase classname="Ensures sign up form inputs meet minimum requirements Displays errors if fields do not meet the minimum length requirements" name="Ensures sign up form inputs meet minimum requirements Displays errors if fields do not meet the minimum length requirements" time="0.146">
    </testcase>
    <testcase classname="Ensures sign up form inputs meet minimum requirements Fields do not display errors when filled in correctly (with minimum valid values)." name="Ensures sign up form inputs meet minimum requirements Fields do not display errors when filled in correctly (with minimum valid values)." time="0.127">
    </testcase>
    <testcase classname="Ensures sign up form inputs meet minimum requirements Displays error if card is expired." name="Ensures sign up form inputs meet minimum requirements Displays error if card is expired." time="0.073">
    </testcase>
    <testcase classname="Ensures sign up form inputs meet minimum requirements Does not display an error when expiration date is set to a future date." name="Ensures sign up form inputs meet minimum requirements Does not display an error when expiration date is set to a future date." time="0.071">
    </testcase>
    <testcase classname="Ensures sign up form inputs meet minimum requirements Displays error if phone number, cvv and card number fields contain non-numeric characters." name="Ensures sign up form inputs meet minimum requirements Displays error if phone number, cvv and card number fields contain non-numeric characters." time="0.08">
    </testcase>
    <testcase classname="Ensures sign up form inputs meet minimum requirements Does not display errors if phone number, cvv and card number fields contain numeric characters only of a valid length." name="Ensures sign up form inputs meet minimum requirements Does not display errors if phone number, cvv and card number fields contain numeric characters only of a valid length." time="0.075">
    </testcase>
    <testcase classname="Ensures sign up form inputs meet minimum requirements Displays error if password does not contain at least three digits." name="Ensures sign up form inputs meet minimum requirements Displays error if password does not contain at least three digits." time="0.037">
    </testcase>
    <testcase classname="Ensures sign up form inputs meet minimum requirements Does not display any error if password does contains at least three digits and meets min length requirements." name="Ensures sign up form inputs meet minimum requirements Does not display any error if password does contains at least three digits and meets min length requirements." time="0.03">
    </testcase>
  </testsuite>
</testsuites>